\BOOKMARK [1][-]{section.1}{Introduction}{}% 1
\BOOKMARK [1][-]{section.2}{Data}{}% 2
\BOOKMARK [1][-]{section.3}{Response and Predictors}{}% 3
\BOOKMARK [2][-]{subsection.3.1}{Responses}{section.3}% 4
\BOOKMARK [3][-]{subsubsection.3.1.1}{Average Views Per Day}{subsection.3.1}% 5
\BOOKMARK [3][-]{subsubsection.3.1.2}{Popularity}{subsection.3.1}% 6
\BOOKMARK [2][-]{subsection.3.2}{Predictors}{section.3}% 7
\BOOKMARK [1][-]{section.4}{Statistical Analysis Without Mixed Models}{}% 8
\BOOKMARK [2][-]{subsection.4.1}{Poisson Regression on Average Views Per Day}{section.4}% 9
\BOOKMARK [2][-]{subsection.4.2}{Linear Regression on Composite Popularity Score}{section.4}% 10
\BOOKMARK [1][-]{section.5}{Statistical Analysis With Mixed Models}{}% 11
\BOOKMARK [2][-]{subsection.5.1}{Time Variation}{section.5}% 12
\BOOKMARK [3][-]{subsubsection.5.1.1}{Poisson Mixed Model Regression on Average Views Per Day: Time Variation}{subsection.5.1}% 13
\BOOKMARK [3][-]{subsubsection.5.1.2}{Linear Mixed Model Regression on Composite Popularity Score: Time Variation}{subsection.5.1}% 14
\BOOKMARK [2][-]{subsection.5.2}{Themes Variation}{section.5}% 15
\BOOKMARK [3][-]{subsubsection.5.2.1}{Poisson Mixed Model Regression on Average Views Per Day: Theme Variation}{subsection.5.2}% 16
\BOOKMARK [3][-]{subsubsection.5.2.2}{Linear Mixed Model Regression on Composite Popularity Score: Theme Variation}{subsection.5.2}% 17
\BOOKMARK [1][-]{section.6}{Results without Mixed Models}{}% 18
\BOOKMARK [2][-]{subsection.6.1}{Poisson \046 Linear Regression}{section.6}% 19
\BOOKMARK [1][-]{section.7}{Conclusion}{}% 20
